<?xml version="1.0" encoding="UTF-8"?>
<!-- Generated by org.testng.reporters.JUnitXMLReporter -->
<testsuite ignored="1" hostname="DESKTOP-NO67EK8" failures="1" tests="2" name="HomeLoan" time="0.011" errors="0" timestamp="27 Feb 2024 21:05:48 GMT">
  <testcase classname="Test.HomeLoanLoginTest" name="MobileLogin" time="0.002"/>
  <testcase classname="Test.HomeLoanLoginTest" name="WebLogin" time="0.0">
    <failure type="org.testng.TestNGException" message="
Parameter &amp;apos;homeLoanURL&amp;apos; is required by @Test on method WebLogin but has not been marked @Optional or defined
in D:\Pooja\New folder\Testing\Selenium_Rahul_Shetty\Projects\TestNGTutorial\testngListeners.xml">
      <![CDATA[org.testng.TestNGException: 
Parameter 'homeLoanURL' is required by @Test on method WebLogin but has not been marked @Optional or defined
in D:\Pooja\New folder\Testing\Selenium_Rahul_Shetty\Projects\TestNGTutorial\testngListeners.xml
... Removed 23 stack frames]]>
    </failure>
  </testcase> <!-- WebLogin -->
  <testcase classname="Test.HomeLoanLoginTest" name="APILogin" time="0.0">
    <ignored/>
  </testcase> <!-- APILogin -->
</testsuite> <!-- HomeLoan -->
